Blackship AliExpress fetch log
created_at: 2026-07-17 19:00:01
========================================

[ko] AliExpress API 수집
target_language : KO
target_currency : KRW
ship_to_country : KR
page_no         : 1
page_size       : 20
limit           : 420
----------------------------------------
전자기기
category     : electronics
keyword      : keyboard
API 원본     : 19
변환 성공    : 19
중복 제거    : 0
최종 추가    : 19
누적 상품    : 19
원인         : 정상 수집
----------------------------------------
전자기기
category     : electronics
keyword      : mechanical keyboard
API 원본     : 20
변환 성공    : 20
중복 제거    : 0
최종 추가    : 20
누적 상품    : 39
원인         : 정상 수집
----------------------------------------
전자기기
category     : electronics
keyword      : computer
API 원본     : 20
변환 성공    : 20
중복 제거    : 0
최종 추가    : 20
누적 상품    : 59
원인         : 정상 수집
----------------------------------------
생활용품
category     : living
keyword      : kitchen organizer
API 원본     : 20
변환 성공    : 20
중복 제거    : 0
최종 추가    : 20
누적 상품    : 79
원인         : 정상 수집
----------------------------------------
생활용품
category     : living
keyword      : home storage
API 원본     : 20
변환 성공    : 20
중복 제거    : 0
최종 추가    : 20
누적 상품    : 99
원인         : 정상 수집
----------------------------------------
생활용품
category     : living
keyword      : kitchen tools
API 원본     : 20
변환 성공    : 20
중복 제거    : 0
최종 추가    : 20
누적 상품    : 119
원인         : 정상 수집
----------------------------------------
취미·야외
category     : hobby
keyword      : camping gear
API 원본     : 19
변환 성공    : 19
중복 제거    : 0
최종 추가    : 19
누적 상품    : 138
원인         : 정상 수집
----------------------------------------
취미·야외
category     : hobby
keyword      : camping
API 원본     : 20
변환 성공    : 20
중복 제거    : 0
최종 추가    : 20
누적 상품    : 158
원인         : 정상 수집
----------------------------------------
취미·야외
category     : hobby
keyword      : outdoor
API 원본     : 0
변환 성공    : 0
중복 제거    : 0
최종 추가    : 0
누적 상품    : 158
원인         : API 결과 없음
----------------------------------------
취미·야외
category     : hobby
keyword      : hiking
API 원본     : 19
변환 성공    : 19
중복 제거    : 0
최종 추가    : 19
누적 상품    : 177
원인         : 정상 수집
----------------------------------------
패션잡화
category     : fashion
keyword      : fashion accessories
API 원본     : 17
변환 성공    : 17
중복 제거    : 0
최종 추가    : 17
누적 상품    : 194
원인         : 정상 수집
----------------------------------------
패션잡화
category     : fashion
keyword      : fashion
API 원본     : 20
변환 성공    : 20
중복 제거    : 6
최종 추가    : 14
누적 상품    : 208
원인         : 정상 수집, 중복 6개 제외
----------------------------------------
패션잡화
category     : fashion
keyword      : accessories
API 원본     : 20
변환 성공    : 20
중복 제거    : 6
최종 추가    : 14
누적 상품    : 222
원인         : 정상 수집, 중복 6개 제외
----------------------------------------
자동차용품
category     : car
keyword      : car accessories
API 원본     : 0
변환 성공    : 0
중복 제거    : 0
최종 추가    : 0
누적 상품    : 222
원인         : API 결과 없음
----------------------------------------
자동차용품
category     : car
keyword      : car
API 원본     : 20
변환 성공    : 20
중복 제거    : 2
최종 추가    : 18
누적 상품    : 240
원인         : 정상 수집, 중복 2개 제외
----------------------------------------
자동차용품
category     : car
keyword      : vehicle accessories
API 원본     : 0
변환 성공    : 0
중복 제거    : 0
최종 추가    : 0
누적 상품    : 240
원인         : API 결과 없음
----------------------------------------
반려동물
category     : pet
keyword      : pet supplies
API 원본     : 20
변환 성공    : 20
중복 제거    : 0
최종 추가    : 20
누적 상품    : 260
원인         : 정상 수집
----------------------------------------
반려동물
category     : pet
keyword      : pet
API 원본     : 19
변환 성공    : 19
중복 제거    : 3
최종 추가    : 16
누적 상품    : 276
원인         : 정상 수집, 중복 3개 제외
----------------------------------------
반려동물
category     : pet
keyword      : dog supplies
API 원본     : 20
변환 성공    : 20
중복 제거    : 2
최종 추가    : 18
누적 상품    : 294
원인         : 정상 수집, 중복 2개 제외
----------------------------------------
뷰티·건강
category     : beauty
keyword      : beauty tools
API 원본     : 15
변환 성공    : 15
중복 제거    : 0
최종 추가    : 15
누적 상품    : 309
원인         : 정상 수집
----------------------------------------
뷰티·건강
category     : beauty
keyword      : beauty
API 원본     : 15
변환 성공    : 15
중복 제거    : 0
최종 추가    : 15
누적 상품    : 324
원인         : 정상 수집
----------------------------------------
뷰티·건강
category     : beauty
keyword      : skincare
API 원본     : 12
변환 성공    : 12
중복 제거    : 1
최종 추가    : 11
누적 상품    : 335
원인         : 정상 수집, 중복 1개 제외
----------------------------------------
저장 파일      : /home/runner/work/System/System/data/products.json
최종 저장 상품 : 335
========================================

[ko] 위험상품 필터
허용 예외 통과 : 2
위험상품 차단 : 14
차단 상품
- 2Pcs 배나무 칼 손잡이 세트 요리사 칼 수리용 인체공학적 나무 줄자 손잡이 DIY 손잡이 제작 교체용 주방 도구 (키워드: 칼)
- 2Pcs 로즈우드 주방 칼 손잡이 인체공학적 커터 그립 칼 수리용 교체 부품 홈 슬라이싱 도구 (키워드: 칼)
- 7쌍 주방 칼 손잡이 리벳 구리 재질 안전 잠금 클램프 고정 도구 DIY 칼 손잡이 수리 교체 (키워드: 칼)
- 일본산 고급 안정화 목재 레진 핸들 하트 모양 칼 손잡이 DIY 셰프용 주방 칼 공장 맞춤형 칼 손잡이 (키워드: 칼)
- 단단한 너도밤나무 목재 칼 손잡이 교체용 부품, 주방 칼용 나무 그립, 미끄럼 방지, 편안하고 오래가는 DIY 수리 도구 (키워드: 칼)
- 단단한 나무로 만든 주방용 칼 손잡이 교체, 인체공학적 편안한 그립, 미끄럼 방지 디자인, 야채 다지기, 요리사용 절삭 도구 (키워드: 칼)
- JUMCSONG 주방칼 손잡이 DIY 매니아 키리츠케, 셰프 나이프 및 실용적인 칼 부품 액세서리 원목 레진 (키워드: 칼)
- 접이식 캠핑 화장실 고품질 성인용 이동식 야외 화장실 접이식 인기 판매 캠핑용 휴대용 여행용 차량용 화장실 플라스틱 (키워드: 성인)
- 공장 도매 20L RV 카라반 휴대용 변기 플라스틱 야외 캠핑 성인용 변기 이동식 변기 (키워드: 성인)
- 야외 접이식 화장실 휴대용 자동차 화장실 여행 자율주행 투어 캠핑 화장실 성인 여성 어린이를 위한 비상 화장실 (키워드: 성인)
- 2026 신형 담배케이스 20개비 패셔너블 밀폐 방수 담배갑 휴대용 포켓 보관 흡연용품 선물 (키워드: 담배)
- @1Pcs 남성용 전체 청소 마사지 스프레이 샤워 헤드 다기능 위생 샤워 노즐 개 고양이 발 세척 도구 샤워 헤드 (키워드: 남성용 전체 청소)
- 1Pcs 개 고양이 발 세척 도구 샤워 헤드 남성용 전체 청소 마사지 스프레이 샤워 헤드 다기능 위생 샤워 노즐 (키워드: 남성용 전체 청소)
- 나무 눈썹 연필 샤프너, 끊어지지 않는 칼날형 팁, 간편한 수동 샤프너, 모든 나무 눈썹 연필과 호환 (키워드: 칼)
큐레이션 페이지 배정
hidden   : 81
value    : 80
popular  : 80
random   : 80
전체 배정      : 321
미배정 상품    : 0
----------------------------------------

[en] AliExpress API 수집
target_language : EN
target_currency : USD
ship_to_country : US
page_no         : 1
page_size       : 20
limit           : 420
----------------------------------------
전자기기
category     : electronics
keyword      : keyboard
API 원본     : 20
변환 성공    : 20
중복 제거    : 0
최종 추가    : 20
누적 상품    : 20
원인         : 정상 수집
----------------------------------------
전자기기
category     : electronics
keyword      : mechanical keyboard
API 원본     : 20
변환 성공    : 20
중복 제거    : 0
최종 추가    : 20
누적 상품    : 40
원인         : 정상 수집
----------------------------------------
전자기기
category     : electronics
keyword      : computer
API 원본     : 20
변환 성공    : 20
중복 제거    : 0
최종 추가    : 20
누적 상품    : 60
원인         : 정상 수집
----------------------------------------
생활용품
category     : living
keyword      : kitchen organizer
API 원본     : 20
변환 성공    : 20
중복 제거    : 0
최종 추가    : 20
누적 상품    : 80
원인         : 정상 수집
----------------------------------------
생활용품
category     : living
keyword      : home storage
API 원본     : 20
변환 성공    : 20
중복 제거    : 1
최종 추가    : 19
누적 상품    : 99
원인         : 정상 수집, 중복 1개 제외
----------------------------------------
생활용품
category     : living
keyword      : kitchen tools
API 원본     : 20
변환 성공    : 20
중복 제거    : 0
최종 추가    : 20
누적 상품    : 119
원인         : 정상 수집
----------------------------------------
취미·야외
category     : hobby
keyword      : camping gear
API 원본     : 20
변환 성공    : 20
중복 제거    : 0
최종 추가    : 20
누적 상품    : 139
원인         : 정상 수집
----------------------------------------
취미·야외
category     : hobby
keyword      : camping
API 원본     : 20
변환 성공    : 20
중복 제거    : 0
최종 추가    : 20
누적 상품    : 159
원인         : 정상 수집
----------------------------------------
취미·야외
category     : hobby
keyword      : outdoor
API 원본     : 19
변환 성공    : 19
중복 제거    : 0
최종 추가    : 19
누적 상품    : 178
원인         : 정상 수집
----------------------------------------
취미·야외
category     : hobby
keyword      : hiking
API 원본     : 18
변환 성공    : 18
중복 제거    : 2
최종 추가    : 16
누적 상품    : 194
원인         : 정상 수집, 중복 2개 제외
----------------------------------------
패션잡화
category     : fashion
keyword      : fashion accessories
API 원본     : 13
변환 성공    : 13
중복 제거    : 0
최종 추가    : 13
누적 상품    : 207
원인         : 정상 수집
----------------------------------------
패션잡화
category     : fashion
keyword      : fashion
API 원본     : 20
변환 성공    : 20
중복 제거    : 4
최종 추가    : 16
누적 상품    : 223
원인         : 정상 수집, 중복 4개 제외
----------------------------------------
패션잡화
category     : fashion
keyword      : accessories
API 원본     : 20
변환 성공    : 20
중복 제거    : 7
최종 추가    : 13
누적 상품    : 236
원인         : 정상 수집, 중복 7개 제외
----------------------------------------
자동차용품
category     : car
keyword      : car accessories
API 원본     : 20
변환 성공    : 20
중복 제거    : 0
최종 추가    : 20
누적 상품    : 256
원인         : 정상 수집
----------------------------------------
자동차용품
category     : car
keyword      : car
API 원본     : 20
변환 성공    : 20
중복 제거    : 0
최종 추가    : 20
누적 상품    : 276
원인         : 정상 수집
----------------------------------------
자동차용품
category     : car
keyword      : vehicle accessories
API 원본     : 20
변환 성공    : 20
중복 제거    : 0
최종 추가    : 20
누적 상품    : 296
원인         : 정상 수집
----------------------------------------
반려동물
category     : pet
keyword      : pet supplies
API 원본     : 19
변환 성공    : 19
중복 제거    : 0
최종 추가    : 19
누적 상품    : 315
원인         : 정상 수집
----------------------------------------
반려동물
category     : pet
keyword      : pet
API 원본     : 20
변환 성공    : 20
중복 제거    : 0
최종 추가    : 20
누적 상품    : 335
원인         : 정상 수집
----------------------------------------
반려동물
category     : pet
keyword      : dog supplies
API 원본     : 20
변환 성공    : 20
중복 제거    : 1
최종 추가    : 19
누적 상품    : 354
원인         : 정상 수집, 중복 1개 제외
----------------------------------------
뷰티·건강
category     : beauty
keyword      : beauty tools
API 원본     : 17
변환 성공    : 17
중복 제거    : 0
최종 추가    : 17
누적 상품    : 371
원인         : 정상 수집
----------------------------------------
뷰티·건강
category     : beauty
keyword      : beauty
API 원본     : 15
변환 성공    : 15
중복 제거    : 1
최종 추가    : 14
누적 상품    : 385
원인         : 정상 수집, 중복 1개 제외
----------------------------------------
뷰티·건강
category     : beauty
keyword      : skincare
API 원본     : 17
변환 성공    : 17
중복 제거    : 3
최종 추가    : 14
누적 상품    : 399
원인         : 정상 수집, 중복 3개 제외
----------------------------------------
저장 파일      : /home/runner/work/System/System/data/products_en.json
최종 저장 상품 : 399
========================================

[en] 위험상품 필터
허용 예외 통과 : 3
위험상품 차단 : 12
차단 상품
- Quick-Access Rifle & Pistol Safe – 8–10 Gun Capacity, Removable Adjustable Shelves, Backlit Digital Keypad, Dual Alert System, Sturdy Steel Construction, Ideal for Home Security Storage – Compact Yet Spacious Design, Easy Mounting Options, Smooth Opening (키워드: gun)
- Tabletop Adjustable Drafting Table, Drawing Table for Adults, Drafting Desk Art Desk with Stool & 3 Storage Drawers, Modern Painting Studio Work Station for Home Office, 50.5 x 24 x 45 inch (키워드: adult)
- Solid Beech Wood Knife Handle Replacement for Kitchen Knives Wooden Grip Anti-Slip Comfortable Long-Lasting DIY Repair Tool (키워드: knife)
- Outdoor Folding Toilet Portable Car Toilet Travel Self-driving Tour Camping Toilet Emergency Toilets for Adults Women Children (키워드: adult)
- Complete Kite with Handle, Line & Accessories,Easy To Fly for Kids & Adults, Perfect for Beach, Park, Family Outdoor Activities (키워드: adult)
- Baofeng Long Range Walkie Talkies for Adults with Earpieces, 16 Channel Rechargeable Handheld Two Way Radio Walky Talky with Flashlight VOX for Adventure Family Camping Hiking Skiing Cruise (키워드: adult)
- 2-section Adjustable Telescopic Mountaineering Pole Outdoor Four-season Hiking Pole Ski Pole for Adults Children (키워드: adult)
- Acrylic Travel Cigar Tube Fashion Humidor Holder Cigar Case Portable Storage Clear Storage Box Cigar Accessories (키워드: cigar)
- 2026 New Cigarette case 20 pack Fashionable Sealed Waterproof Cigarette Box portable Pocket Storage Smoking Accessories Gift (키워드: cigar)
- @1Pcs Full Cleaning Massage Sprayer Shower Head For Men Multifunctional Hygiene Shower Nozzle Dog Cat Foot Wash Tool Shower Head (키워드: shower head for men)
- 1Pcs Dog Cat Foot Wash Tool Shower Head Full Cleaning Massage Sprayer Shower Head For Men Multifunctional Hygiene Shower Nozzle (키워드: shower head for men)
- Capybara Shaped Pimple Patches, Facial Cover - Fragrance-Free, Paraben-Unisex Adult, All Skin Types Compatible, Skin Care Patch, (키워드: adult)
큐레이션 페이지 배정
hidden   : 97
value    : 97
popular  : 97
random   : 96
전체 배정      : 387
미배정 상품    : 0
----------------------------------------
